<?xml version="1.0" encoding="UTF-8"?>
<Site BuildName="Win32-mingw32-make"
	BuildStamp="20240108-1400-Experimental"
	Name="DESKTOP-CT8PQ1T"
	Generator="ctest-3.28.1"
	CompilerName="C:/MinGW/bin/g++.exe"
	CompilerVersion="6.3.0"
	OSName="Windows"
	Hostname="DESKTOP-CT8PQ1T"
	OSRelease=" Professional"
	OSVersion=" (Build 19045)"
	OSPlatform="AMD64"
	Is64Bits="1"
	VendorString="GenuineIntel"
	VendorID="Intel Corporation"
	FamilyID="6"
	ModelID="7"
	ProcessorCacheSize="-1"
	NumberOfLogicalCPU="24"
	NumberOfPhysicalCPU="16"
	TotalVirtualMemory="37373"
	TotalPhysicalMemory="32509"
	LogicalProcessorsPerPhysical="1"
	ProcessorClockFrequency="3417"
	>
	<Testing>
		<StartDateTime>Jan 08 16:00 FLE Standard Time</StartDateTime>
		<StartTestTime>1704722444</StartTestTime>
		<TestList/>
		<EndDateTime>Jan 08 16:00 FLE Standard Time</EndDateTime>
		<EndTestTime>1704722444</EndTestTime>
		<ElapsedMinutes>0</ElapsedMinutes>
	</Testing>
</Site>
